<?xml version="1.0" encoding="UTF-8"?>
<testng-results ignored="0" total="1" passed="1" failed="0" skipped="0">
  <reporter-output>
  </reporter-output>
  <suite started-at="2023-12-28T16:10:20 IST" name="Sanity" finished-at="2023-12-28T16:10:38 IST" duration-ms="18614">
    <groups>
    </groups>
    <test started-at="2023-12-28T16:10:20 IST" name="Sanity" finished-at="2023-12-28T16:10:38 IST" duration-ms="18614">
      <class name="SanityTest">
        <test-method is-config="true" signature="beforeSuite()[pri:0, instance:SanityTest@4f6ee6e4]" started-at="2023-12-28T16:10:20 IST" name="beforeSuite" finished-at="2023-12-28T16:10:20 IST" duration-ms="6" status="PASS">
          <reporter-output>
          </reporter-output>
        </test-method> <!-- beforeSuite -->
        <test-method is-config="true" signature="beforeClass()[pri:0, instance:SanityTest@4f6ee6e4]" started-at="2023-12-28T16:10:20 IST" name="beforeClass" finished-at="2023-12-28T16:10:20 IST" duration-ms="0" status="PASS">
          <reporter-output>
          </reporter-output>
        </test-method> <!-- beforeClass -->
        <test-method is-config="true" signature="beforeMethodClass()[pri:0, instance:SanityTest@4f6ee6e4]" started-at="2023-12-28T16:10:20 IST" name="beforeMethodClass" finished-at="2023-12-28T16:10:22 IST" duration-ms="2323" status="PASS">
          <reporter-output>
          </reporter-output>
        </test-method> <!-- beforeMethodClass -->
        <test-method signature="verifyloginInbox()[pri:0, instance:SanityTest@4f6ee6e4]" started-at="2023-12-28T16:10:22 IST" name="verifyloginInbox" finished-at="2023-12-28T16:10:38 IST" duration-ms="16268" status="PASS">
          <reporter-output>
          </reporter-output>
        </test-method> <!-- verifyloginInbox -->
        <test-method is-config="true" signature="close()[pri:0, instance:SanityTest@4f6ee6e4]" started-at="2023-12-28T16:10:38 IST" name="close" finished-at="2023-12-28T16:10:38 IST" duration-ms="1" status="PASS">
          <reporter-output>
          </reporter-output>
        </test-method> <!-- close -->
        <test-method is-config="true" signature="afterClass()[pri:0, instance:SanityTest@4f6ee6e4]" started-at="2023-12-28T16:10:38 IST" name="afterClass" finished-at="2023-12-28T16:10:38 IST" duration-ms="0" status="PASS">
          <reporter-output>
          </reporter-output>
        </test-method> <!-- afterClass -->
        <test-method is-config="true" signature="afterSuite()[pri:0, instance:SanityTest@4f6ee6e4]" started-at="2023-12-28T16:10:38 IST" name="afterSuite" finished-at="2023-12-28T16:10:39 IST" duration-ms="112" status="PASS">
          <reporter-output>
          </reporter-output>
        </test-method> <!-- afterSuite -->
      </class> <!-- SanityTest -->
    </test> <!-- Sanity -->
  </suite> <!-- Sanity -->
</testng-results>
