<?xml version="1.0" encoding="UTF-8"?>
<!-- Generated by org.testng.reporters.JUnitXMLReporter -->
<testsuite ignored="12" hostname="APIN34QFML3" failures="1" tests="16" name="Test" time="491.443" errors="0" timestamp="2024-01-10T18:37:37 IST">
  <testcase classname="e2e.VerfiyCompanySync" name="verifyloginInbox" time="33.746"/>
  <testcase classname="e2e.VerfiyCompanySync" name="initiateFullSync" time="19.132"/>
  <testcase classname="e2e.VerfiyCompanySync" name="companySync" time="30.049"/>
  <testcase classname="e2e.VerifyLoginTest" name="verifyloginInbox" time="40.085"/>
  <testcase classname="e2e.VerifyPartialSync2" name="login" time="29.802">
    <failure type="java.lang.AssertionError" message="expected [https://app.dev.lockstep.io/] but found [https://app.dev.lockstep.io/#state=eyJpZCI6IjdkNjlhZWVjLTk2OGUtNDBhYy05YWIxLWI4NTZhNjg1ZGVlZSIsIm1ldGEiOnsiaW50ZXJhY3Rpb25UeXBlIjoicmVkaXJlY3QifX0%3d&amp;amp;client_info=eyJ1aWQiOiJlMWMyZTY3NC01YWE1LTQ0OTctYjk5Yy1kZDZkNTUyNzNmNjEtYjJjXzFhX3BsYXRmb3Jtc2lnbnVwX3NpZ25pbiIsInV0aWQiOiJhNDhmZDBmNS0zOGFkLTQwNmMtYThhZS1lYzAxZWQyNWVmY2YifQ&amp;amp;code=eyJraWQiOiJiTWp4ZkF5b0xEcHFudi1JYjVPaXFiZmVUMWFMQ0w2allCY2t0b0xuS0YwIiwidmVyIjoiMS4wIiwiemlwIjoiRGVmbGF0ZSIsInNlciI6IjEuMCJ9.K8MMLYJ32Xafvd9RtvJwVFfGk4kJSHNihgBT_G3FNsGZE9P8yckDKUTf1ma-D6k8unbMWWFKN7VIH2eI9dPyK5TLto89FVew4raiCMEOtEpWZAdXcfkxaKoaMUm8hXhGDPPeQQ6vgoL-Xc470XBnC-KKaRQjElcd1kETFOX1N-ygg5Bj8etIn1CRvA2dOAK7x-XrOUmQhVYawMZci69_7wXZuBd7GIpCIYFlNW1RRfTAQNfItvbQU2DK3SD3C8Hi1V-2WnCW9dnPXc6-FXLyZNEBT3gYByMjf-qqaq2E0cIzWnky_6BNyNsVeRa64AOYELD3_G5SFgZa6PGXgHqsNA.Bvr6Bf8QuL7eeAvL.TzMCelsY5P1aujKLUEDlK5rGT1t0xb-ESP1Q9qD4ivQklBC3-IifOa8ed9aht9XCXMEAQEUWGXH5lPPTv2mMDsoloxpc6vVMMB09Q9bcRsoc0PEaKYCIn62Jzm7lsZFZIG0EdZd6iP9DKgfimg7k7VquCzDQLTYKeeh_TaE8CZSIBK4PzONr6vZX2Y_Wejrd9N_nGuzVfP74pUXQu1cRwkbcTTobLoKQ5VEh79ee7LB-Bny0BOgBoJfwmOyYyMl9gohC7zNzn9z9TSE-h6YkT9P2ZriBNsaK9JOm9ba4rvmK-oG3EnC6PbG0UEQpt5H4-K-QR2dbI_3NdmZ_MomWV0bBAR9BCK38PztpFLQxvf_d6bvu8nqSSSxCBox9fKJLZ2q5MYVbWvwrJp_zXwBPyB3SF-M_erraZIgGGB9UcFCPcwHNpQypvbSKRMGO_YynIHDFw8yt8Da08v-IT_FEL3TM1i4GC_mA-H-tmE_X_xb75f_2d8433nW6CAKDaQxfXeUmuR-rIDBLue6HfrbouiwmuhLg1jDyyTx4NTg1S1caUv3NXCtgfkvvHs1rNFW47ObQ3L94xTr4KVYAe7BwMawLJ4uMqKP0fMgT41ygbqzUeiKOHoTCv1okE2xlpThv77cVQLCvetJthxR9LcU8jNYku5GXd1rg0Cc6VxwvuuCXHilSWTgHmE5bzB3g6FFj_unFHvOP20TgPV1pHezaykocS1bnvBWJd7wJRXWxxmQpwfDrxPDX770GwW53pySDJb8UB_reBXCrGn0AYXqiHicIcHMKpRggSSkoBgKFKH4VScntqDYaINrcDf3e3TwrkNowuKZPP-QvH7X3hh1tcAxWD64uWXnPZEpxHLH9jPjLfd6taMXw8QxxoZsrgQO49zgqASmOyMV3sf8atwTr2Ggflkt2BA3Jthg4IyZuWhcUvKetXdIwVUziSIP5QPIAgdIgKyKoud8VqSkJbweXSeEuSc47J7-aA5RYSN-ZAgfgF9GxsJIrZppsuwcJh5IZncDTiYmSe13A4C4no4_2PGZD0nXMvVIlqfhF.2S2j3XoHtrYDE1QhfT7MVw]">
      <![CDATA[java.lang.AssertionError: expected [https://app.dev.lockstep.io/] but found [https://app.dev.lockstep.io/#state=eyJpZCI6IjdkNjlhZWVjLTk2OGUtNDBhYy05YWIxLWI4NTZhNjg1ZGVlZSIsIm1ldGEiOnsiaW50ZXJhY3Rpb25UeXBlIjoicmVkaXJlY3QifX0%3d&client_info=eyJ1aWQiOiJlMWMyZTY3NC01YWE1LTQ0OTctYjk5Yy1kZDZkNTUyNzNmNjEtYjJjXzFhX3BsYXRmb3Jtc2lnbnVwX3NpZ25pbiIsInV0aWQiOiJhNDhmZDBmNS0zOGFkLTQwNmMtYThhZS1lYzAxZWQyNWVmY2YifQ&code=eyJraWQiOiJiTWp4ZkF5b0xEcHFudi1JYjVPaXFiZmVUMWFMQ0w2allCY2t0b0xuS0YwIiwidmVyIjoiMS4wIiwiemlwIjoiRGVmbGF0ZSIsInNlciI6IjEuMCJ9.K8MMLYJ32Xafvd9RtvJwVFfGk4kJSHNihgBT_G3FNsGZE9P8yckDKUTf1ma-D6k8unbMWWFKN7VIH2eI9dPyK5TLto89FVew4raiCMEOtEpWZAdXcfkxaKoaMUm8hXhGDPPeQQ6vgoL-Xc470XBnC-KKaRQjElcd1kETFOX1N-ygg5Bj8etIn1CRvA2dOAK7x-XrOUmQhVYawMZci69_7wXZuBd7GIpCIYFlNW1RRfTAQNfItvbQU2DK3SD3C8Hi1V-2WnCW9dnPXc6-FXLyZNEBT3gYByMjf-qqaq2E0cIzWnky_6BNyNsVeRa64AOYELD3_G5SFgZa6PGXgHqsNA.Bvr6Bf8QuL7eeAvL.TzMCelsY5P1aujKLUEDlK5rGT1t0xb-ESP1Q9qD4ivQklBC3-IifOa8ed9aht9XCXMEAQEUWGXH5lPPTv2mMDsoloxpc6vVMMB09Q9bcRsoc0PEaKYCIn62Jzm7lsZFZIG0EdZd6iP9DKgfimg7k7VquCzDQLTYKeeh_TaE8CZSIBK4PzONr6vZX2Y_Wejrd9N_nGuzVfP74pUXQu1cRwkbcTTobLoKQ5VEh79ee7LB-Bny0BOgBoJfwmOyYyMl9gohC7zNzn9z9TSE-h6YkT9P2ZriBNsaK9JOm9ba4rvmK-oG3EnC6PbG0UEQpt5H4-K-QR2dbI_3NdmZ_MomWV0bBAR9BCK38PztpFLQxvf_d6bvu8nqSSSxCBox9fKJLZ2q5MYVbWvwrJp_zXwBPyB3SF-M_erraZIgGGB9UcFCPcwHNpQypvbSKRMGO_YynIHDFw8yt8Da08v-IT_FEL3TM1i4GC_mA-H-tmE_X_xb75f_2d8433nW6CAKDaQxfXeUmuR-rIDBLue6HfrbouiwmuhLg1jDyyTx4NTg1S1caUv3NXCtgfkvvHs1rNFW47ObQ3L94xTr4KVYAe7BwMawLJ4uMqKP0fMgT41ygbqzUeiKOHoTCv1okE2xlpThv77cVQLCvetJthxR9LcU8jNYku5GXd1rg0Cc6VxwvuuCXHilSWTgHmE5bzB3g6FFj_unFHvOP20TgPV1pHezaykocS1bnvBWJd7wJRXWxxmQpwfDrxPDX770GwW53pySDJb8UB_reBXCrGn0AYXqiHicIcHMKpRggSSkoBgKFKH4VScntqDYaINrcDf3e3TwrkNowuKZPP-QvH7X3hh1tcAxWD64uWXnPZEpxHLH9jPjLfd6taMXw8QxxoZsrgQO49zgqASmOyMV3sf8atwTr2Ggflkt2BA3Jthg4IyZuWhcUvKetXdIwVUziSIP5QPIAgdIgKyKoud8VqSkJbweXSeEuSc47J7-aA5RYSN-ZAgfgF9GxsJIrZppsuwcJh5IZncDTiYmSe13A4C4no4_2PGZD0nXMvVIlqfhF.2S2j3XoHtrYDE1QhfT7MVw]
at e2e.VerifyPartialSync2.login(VerifyPartialSync2.java:38)
at java.base/java.util.ArrayList.forEach(ArrayList.java:1596)
... Removed 31 stack frames]]>
    </failure>
  </testcase> <!-- login -->
  <testcase classname="e2e.VerfiyPaymentSync" name="verifyloginInbox" time="31.107"/>
  <testcase classname="e2e.VerfiyPaymentSync" name="initiateFullSync" time="30.029"/>
  <testcase classname="e2e.VerifyPartialSync" name="verifyloginInbox" time="31.039"/>
  <testcase classname="e2e.VerifyPartialSync" name="initiateFullSync" time="30.026"/>
  <testcase classname="e2e.VerfiyCreditMemoSync" name="verifyloginInbox" time="31.056"/>
  <testcase classname="e2e.VerfiyCreditMemoSync" name="initiateFullSync" time="30.074"/>
  <testcase classname="e2e.VerfiyCreditMemoSync" name="creditMemoSync" time="30.024"/>
  <testcase classname="e2e.VerfiyFullSync" name="verifyloginInbox" time="31.091"/>
  <testcase classname="e2e.VerfiyFullSync" name="initiateFullSync" time="30.084"/>
  <testcase classname="e2e.VerfiyInvoiceSync" name="verifyloginInbox" time="31.088"/>
  <testcase classname="e2e.VerfiyInvoiceSync" name="initiateFullSync" time="30.037"/>
  <testcase classname="frameworkPkg.Helper" name="@BeforeSuite beforeSuite" time="0.0">
    <ignored/>
  </testcase> <!-- @BeforeSuite beforeSuite -->
  <testcase classname="frameworkPkg.Helper" name="@BeforeSuite beforeSuite" time="0.0">
    <ignored/>
  </testcase> <!-- @BeforeSuite beforeSuite -->
  <testcase classname="frameworkPkg.Helper" name="@BeforeSuite beforeSuite" time="0.0">
    <ignored/>
  </testcase> <!-- @BeforeSuite beforeSuite -->
  <testcase classname="frameworkPkg.Helper" name="@BeforeSuite beforeSuite" time="0.0">
    <ignored/>
  </testcase> <!-- @BeforeSuite beforeSuite -->
  <testcase classname="frameworkPkg.Helper" name="@BeforeSuite beforeSuite" time="0.0">
    <ignored/>
  </testcase> <!-- @BeforeSuite beforeSuite -->
  <testcase classname="frameworkPkg.Helper" name="@BeforeSuite beforeSuite" time="0.0">
    <ignored/>
  </testcase> <!-- @BeforeSuite beforeSuite -->
  <testcase classname="frameworkPkg.Helper" name="@AfterSuite afterSuite" time="0.0">
    <ignored/>
  </testcase> <!-- @AfterSuite afterSuite -->
  <testcase classname="frameworkPkg.Helper" name="@AfterSuite afterSuite" time="0.0">
    <ignored/>
  </testcase> <!-- @AfterSuite afterSuite -->
  <testcase classname="frameworkPkg.Helper" name="@AfterSuite afterSuite" time="0.0">
    <ignored/>
  </testcase> <!-- @AfterSuite afterSuite -->
  <testcase classname="frameworkPkg.Helper" name="@AfterSuite afterSuite" time="0.0">
    <ignored/>
  </testcase> <!-- @AfterSuite afterSuite -->
  <testcase classname="frameworkPkg.Helper" name="@AfterSuite afterSuite" time="0.0">
    <ignored/>
  </testcase> <!-- @AfterSuite afterSuite -->
  <testcase classname="frameworkPkg.Helper" name="@AfterSuite afterSuite" time="0.0">
    <ignored/>
  </testcase> <!-- @AfterSuite afterSuite -->
</testsuite> <!-- Test -->
